<?xml version="1.0" encoding="UTF-8"?>
<testsuite name="PalindromeTests" tests="1" skipped="0" failures="0" errors="0" timestamp="2016-09-07T23:04:24" hostname="epicodus-20.local" time="0.001">
  <properties/>
  <testcase name="runPalindrome_countUpToOne_true" classname="PalindromeTests" time="0.001"/>
  <system-out><![CDATA[]]></system-out>
  <system-err><![CDATA[]]></system-err>
</testsuite>
